#
# There is insufficient memory for the Java Runtime Environment to continue.
# Native memory allocation (malloc) failed to allocate 1048576 bytes. Error detail: AllocateHeap
# Possible reasons:
#   The system is out of physical RAM or swap space
#   This process is running with CompressedOops enabled, and the Java Heap may be blocking the growth of the native heap
# Possible solutions:
#   Reduce memory load on the system
#   Increase physical memory or swap space
#   Check if swap backing store is full
#   Decrease Java heap size (-Xmx/-Xms)
#   Decrease number of Java threads
#   Decrease Java thread stack sizes (-Xss)
#   Set larger code cache with -XX:ReservedCodeCacheSize=
#   JVM is running with Zero Based Compressed Oops mode in which the Java heap is
#     placed in the first 32GB address space. The Java Heap base address is the
#     maximum limit for the native heap growth. Please use -XX:HeapBaseMinAddress
#     to set the Java Heap base and to place the Java Heap above 32GB virtual address.
# This output file may be truncated or incomplete.
#
#  Out of Memory Error (allocation.cpp:44), pid=22768, tid=17808
#
# JRE version:  (21.0.8) (build )
# Java VM: OpenJDK 64-Bit Server VM (21.0.8+-14196175-b1038.72, mixed mode, sharing, tiered, compressed oops, compressed class ptrs, g1 gc, windows-amd64)
# No core dump will be written. Minidumps are not enabled by default on client versions of Windows
#

---------------  S U M M A R Y ------------

Command Line: org.jetbrains.kotlin.cli.jvm.K2JVMCompiler @D:\Jetpack Compose Projects\GeoWav\app\build\20260116_16237149085678709495.compiler.options

Host: 11th Gen Intel(R) Core(TM) i5-11300H @ 3.10GHz, 8 cores, 15G,  Windows 11 , 64 bit Build 26100 (10.0.26100.4484)
Time: Fri Jan 16 12:25:55 2026 India Standard Time elapsed time: 0.009205 seconds (0d 0h 0m 0s)

---------------  T H R E A D  ---------------

Current thread (0x0000028ed5b20a30):  JavaThread "Unknown thread" [_thread_in_vm, id=17808, stack(0x000000ce7e400000,0x000000ce7e500000) (1024K)]

Stack: [0x000000ce7e400000,0x000000ce7e500000]
Native frames: (J=compiled Java code, j=interpreted, Vv=VM code, C=native code)
V  [jvm.dll+0x6d68d9]
V  [jvm.dll+0x866693]
V  [jvm.dll+0x868c4e]
V  [jvm.dll+0x869333]
V  [jvm.dll+0x280566]
V  [jvm.dll+0xbaf47]
V  [jvm.dll+0x333455]
V  [jvm.dll+0x32bb31]
V  [jvm.dll+0x82e109]
V  [jvm.dll+0x3bf5c8]
V  [jvm.dll+0x817388]
V  [jvm.dll+0x453b6e]
V  [jvm.dll+0x4552d1]
C  [jli.dll+0x52ab]
C  [ucrtbase.dll+0x37b0]
C  [KERNEL32.DLL+0x2e8d7]
C  [ntdll.dll+0x3c34c]


---------------  P R O C E S S  ---------------

Threads class SMR info:
_java_thread_list=0x00007ffe6b4eb988, length=0, elements={
}

Java Threads: ( => current thread )
Total: 0

Other Threads:
  0x0000028ed7e636a0 WorkerThread "GC Thread#0"                     [id=21880, stack(0x000000ce7e500000,0x000000ce7e600000) (1024K)]

[error occurred during error reporting (printing all threads), id 0xc0000005, EXCEPTION_ACCESS_VIOLATION (0xc0000005) at pc=0x00007ffe6acd7f80]
VM state: not at safepoint (not fully initialized)

VM Mutex/Monitor currently owned by a thread:  ([mutex/lock_event])
[0x00007ffe6b5586b8] Heap_lock - owner thread: 0x0000028ed5b20a30

Heap address: 0x0000000703600000, size: 4042 MB, Compressed Oops mode: Zero based, Oop shift amount: 3

CDS archive(s) mapped at: [0x0000000000000000-0x0000000000000000-0x0000000000000000), size 0, SharedBaseAddress: 0x0000000800000000, ArchiveRelocationMode: 1.
Narrow klass base: 0x0000000000000000, Narrow klass shift: 0, Narrow klass range: 0x0

GC Precious Log:
 CardTable entry size: 512
 Card Set container configuration: InlinePtr #cards 4 size 8 Array Of Cards #cards 16 size 48 Howl #buckets 8 coarsen threshold 3686 Howl Bitmap #cards 512 size 80 coarsen threshold 460 Card regions per heap region 1 cards per card region 4096

Heap:
 garbage-first heap   total 0K, used 0K [0x0000000703600000, 0x0000000800000000)
  region size 2048K, 0 young (0K), 0 survivors (0K)
 Metaspace       used 0K, committed 0K, reserved 0K
  class space    used 0K, committed 0K, reserved 0K

Heap Regions: E=young(eden), S=young(survivor), O=old, HS=humongous(starts), HC=humongous(continues), CS=collection set, F=free, TAMS=top-at-mark-start, PB=parsable bottom

Card table byte_map: [0x0000028eeaa70000,0x0000028eeb260000] _byte_map_base: 0x0000028ee7255000

GC Heap History (0 events):
No events

Dll operation events (1 events):
Event: 0.006 Loaded shared library C:\Program Files\Android\Android Studio\jbr\bin\java.dll

Deoptimization events (0 events):
No events

Classes loaded (0 events):
No events

Classes unloaded (0 events):
No events

Classes redefined (0 events):
No events

Internal exceptions (0 events):
No events

ZGC Phase Switch (0 events):
No events

VM Operations (0 events):
No events

Memory protections (0 events):
No events

Nmethod flushes (0 events):
No events

Events (0 events):
No events


Dynamic libraries:
0x00007ff6ec840000 - 0x00007ff6ec84a000 	C:\Program Files\Android\Android Studio\jbr\bin\java.exe
0x00007fff09320000 - 0x00007fff09588000 	C:\WINDOWS\SYSTEM32\ntdll.dll
0x00007fff080d0000 - 0x00007fff08199000 	C:\WINDOWS\System32\KERNEL32.DLL
0x00007fff068e0000 - 0x00007fff06ccd000 	C:\WINDOWS\System32\KERNELBASE.dll
0x00007fff02fb0000 - 0x00007fff0304e000 	C:\WINDOWS\SYSTEM32\apphelp.dll
0x00007fff06e30000 - 0x00007fff06f7b000 	C:\WINDOWS\System32\ucrtbase.dll
0x00007fff02f60000 - 0x00007fff02f78000 	C:\Program Files\Android\Android Studio\jbr\bin\jli.dll
0x00007ffee5d90000 - 0x00007ffee5dab000 	C:\Program Files\Android\Android Studio\jbr\bin\VCRUNTIME140.dll
0x00007fff08bf0000 - 0x00007fff08dbc000 	C:\WINDOWS\System32\USER32.dll
0x00007ffee9cd0000 - 0x00007ffee9f6a000 	C:\WINDOWS\WinSxS\amd64_microsoft.windows.common-controls_6595b64144ccf1df_6.0.26100.4484_none_3e0e6d4ce32ef3b3\COMCTL32.dll
0x00007fff068b0000 - 0x00007fff068d7000 	C:\WINDOWS\System32\win32u.dll
0x00007fff07ea0000 - 0x00007fff07f49000 	C:\WINDOWS\System32\msvcrt.dll
0x00007fff07520000 - 0x00007fff0754b000 	C:\WINDOWS\System32\GDI32.dll
0x00007fff06f80000 - 0x00007fff070b7000 	C:\WINDOWS\System32\gdi32full.dll
0x00007fff06680000 - 0x00007fff06723000 	C:\WINDOWS\System32\msvcp_win.dll
0x00007fff08720000 - 0x00007fff0874f000 	C:\WINDOWS\System32\IMM32.DLL
0x00007ffeea5d0000 - 0x00007ffeea5dc000 	C:\Program Files\Android\Android Studio\jbr\bin\vcruntime140_1.dll
0x00007ffecf240000 - 0x00007ffecf2cd000 	C:\Program Files\Android\Android Studio\jbr\bin\msvcp140.dll
0x00007ffe6a9a0000 - 0x00007ffe6b636000 	C:\Program Files\Android\Android Studio\jbr\bin\server\jvm.dll
0x00007fff07f60000 - 0x00007fff08014000 	C:\WINDOWS\System32\ADVAPI32.dll
0x00007fff081a0000 - 0x00007fff08246000 	C:\WINDOWS\System32\sechost.dll
0x00007fff073f0000 - 0x00007fff07508000 	C:\WINDOWS\System32\RPCRT4.dll
0x00007fff08920000 - 0x00007fff08994000 	C:\WINDOWS\System32\WS2_32.dll
0x00007fff05080000 - 0x00007fff050de000 	C:\WINDOWS\SYSTEM32\POWRPROF.dll
0x00007ffefd020000 - 0x00007ffefd055000 	C:\WINDOWS\SYSTEM32\WINMM.dll
0x00007ffef4f70000 - 0x00007ffef4f7b000 	C:\WINDOWS\SYSTEM32\VERSION.dll
0x00007fff05060000 - 0x00007fff05074000 	C:\WINDOWS\SYSTEM32\UMPDC.dll
0x00007fff05340000 - 0x00007fff0535b000 	C:\WINDOWS\SYSTEM32\kernel.appcore.dll
0x00007ffee5e60000 - 0x00007ffee5e6a000 	C:\Program Files\Android\Android Studio\jbr\bin\jimage.dll
0x00007fff03910000 - 0x00007fff03b51000 	C:\WINDOWS\SYSTEM32\DBGHELP.DLL
0x00007fff082a0000 - 0x00007fff08626000 	C:\WINDOWS\System32\combase.dll
0x00007fff08630000 - 0x00007fff08710000 	C:\WINDOWS\System32\OLEAUT32.dll
0x00007ffee3df0000 - 0x00007ffee3e33000 	C:\WINDOWS\SYSTEM32\dbgcore.DLL
0x00007fff06d90000 - 0x00007fff06e29000 	C:\WINDOWS\System32\bcryptPrimitives.dll
0x00007ffee5d50000 - 0x00007ffee5d70000 	C:\Program Files\Android\Android Studio\jbr\bin\java.dll

JVMTI agents: none

dbghelp: loaded successfully - version: 4.0.5 - missing functions: none
symbol engine: initialized successfully - sym options: 0x614 - pdb path: .;C:\Program Files\Android\Android Studio\jbr\bin;C:\WINDOWS\SYSTEM32;C:\WINDOWS\WinSxS\amd64_microsoft.windows.common-controls_6595b64144ccf1df_6.0.26100.4484_none_3e0e6d4ce32ef3b3;C:\Program Files\Android\Android Studio\jbr\bin\server

VM Arguments:
java_command: org.jetbrains.kotlin.cli.jvm.K2JVMCompiler @D:\Jetpack Compose Projects\GeoWav\app\build\20260116_16237149085678709495.compiler.options
java_class_path (initial): C:\Users\Aarav Halvadiya\.gradle\caches\modules-2\files-2.1\org.jetbrains.kotlin\kotlin-compiler-embeddable\2.0.20\244b603e8c729f98baaf9088d90b5b9350c68af8\kotlin-compiler-embeddable-2.0.20.jar;C:\Users\Aarav Halvadiya\.gradle\caches\modules-2\files-2.1\org.jetbrains.kotlin\kotlin-stdlib\2.0.20\7388d355f7cceb002cd387ccb7ab3850e4e0a07f\kotlin-stdlib-2.0.20.jar;C:\Users\Aarav Halvadiya\.gradle\caches\modules-2\files-2.1\org.jetbrains.kotlin\kotlin-script-runtime\2.0.20\4aea042b39014e0a924c2e1d4a21b6fff7e4d35\kotlin-script-runtime-2.0.20.jar;C:\Users\Aarav Halvadiya\.gradle\caches\modules-2\files-2.1\org.jetbrains.kotlin\kotlin-reflect\1.6.10\1cbe9c92c12a94eea200d23c2bbaedaf3daf5132\kotlin-reflect-1.6.10.jar;C:\Users\Aarav Halvadiya\.gradle\caches\modules-2\files-2.1\org.jetbrains.kotlin\kotlin-daemon-embeddable\2.0.20\9eb02dce62f058efe6a121cf00cf5da9779e2746\kotlin-daemon-embeddable-2.0.20.jar;C:\Users\Aarav Halvadiya\.gradle\caches\modules-2\files-2.1\org.jetbrains.intellij.deps\trove4j\1.0.20200330\3afb14d5f9ceb459d724e907a21145e8ff394f02\trove4j-1.0.20200330.jar;C:\Users\Aarav Halvadiya\.gradle\caches\modules-2\files-2.1\org.jetbrains.kotlinx\kotlinx-coroutines-core-jvm\1.6.4\2c997cd1c0ef33f3e751d3831929aeff1390cb30\kotlinx-coroutines-core-jvm-1.6.4.jar;C:\Users\Aarav Halvadiya\.gradle\caches\modules-2\files-2.1\org.jetbrains\annotations\13.0\919f0dfe192fb4e063e7dacadee7f8bb9a2672a9\annotations-13.0.jar
Launcher Type: SUN_STANDARD

[Global flags]
     intx CICompilerCount                          = 4                                         {product} {ergonomic}
     uint ConcGCThreads                            = 2                                         {product} {ergonomic}
     uint G1ConcRefinementThreads                  = 8                                         {product} {ergonomic}
   size_t G1HeapRegionSize                         = 2097152                                   {product} {ergonomic}
    uintx GCDrainStackTargetSize                   = 64                                        {product} {ergonomic}
   size_t InitialHeapSize                          = 266338304                                 {product} {ergonomic}
   size_t MarkStackSize                            = 4194304                                   {product} {ergonomic}
   size_t MaxHeapSize                              = 4238344192                                {product} {ergonomic}
   size_t MinHeapDeltaBytes                        = 2097152                                   {product} {ergonomic}
   size_t MinHeapSize                              = 8388608                                   {product} {ergonomic}
    uintx NonNMethodCodeHeapSize                   = 5839372                                {pd product} {ergonomic}
    uintx NonProfiledCodeHeapSize                  = 122909434                              {pd product} {ergonomic}
    uintx ProfiledCodeHeapSize                     = 122909434                              {pd product} {ergonomic}
    uintx ReservedCodeCacheSize                    = 251658240                              {pd product} {ergonomic}
     bool SegmentedCodeCache                       = true                                      {product} {ergonomic}
   size_t SoftMaxHeapSize                          = 4238344192                             {manageable} {ergonomic}
     bool UseCompressedOops                        = true                           {product lp64_product} {ergonomic}
     bool UseG1GC                                  = true                                      {product} {ergonomic}
     bool UseLargePagesIndividualAllocation        = false                                  {pd product} {ergonomic}

Logging:
Log output configuration:
 #0: stdout all=warning uptime,level,tags foldmultilines=false
 #1: stderr all=off uptime,level,tags foldmultilines=false

Environment Variables:
PATH=C:\Program Files\Common Files\Oracle\Java\javapath;C:\Windows\system32;C:\Windows;C:\Windows\System32\Wbem;C:\Windows\System32\WindowsPowerShell\v1.0\;C:\Windows\System32\OpenSSH\;C:\Program Files (x86)\NVIDIA Corporation\PhysX\Common;C:\Program Files\NVIDIA Corporation\NVIDIA NvDLISR;C:\Users\Aarav Halvadiya\AppData\Local\Programs\Python\Python310\Scripts;C:\MinGW\bin;C:\WINDOWS\system32;C:\WINDOWS;C:\WINDOWS\System32\Wbem;C:\WINDOWS\System32\WindowsPowerShell\v1.0\;C:\WINDOWS\System32\OpenSSH\;C:\Program Files\Microsoft SQL Server\150\Tools\Binn\;C:\Program Files (x86)\Windows Kits\10\Windows Performance Toolkit\;C:\Program Files\CMake\bin;C:\Program Files\Git\cmd;C:\Program Files (x86)\Microsoft SQL Server\160\Tools\Binn\;C:\Program Files\Microsoft SQL Server\160\Tools\Binn\;C:\Program Files\Microsoft SQL Server\Client SDK\ODBC\170\Tools\Binn\;C:\Program Files\Microsoft SQL Server\160\DTS\Binn\;C:\Program Files\MongoDB\Server;C:\Program Files\nodejs\;C:\Program Files\Java\jdk-22\bin;;C:\Program Files\Docker\Docker\resources\bin;C:\Program Files\MySQL\MySQL Shell 8.0\bin\;D:\Flutter\flutter\bin;C:\Users\Aarav Halvadiya\AppData\Local\Programs\Python\Python311\Scripts\;C:\Users\Aarav Halvadiya\AppData\Local\Programs\Python\Python311\;C:\Users\Aarav Halvadiya\AppData\Local\Microsoft\WindowsApps;C:\Users\Aarav Halvadiya\AppData\Local\Programs\Microsoft VS Code\bin;C:\Users\Aarav Halvadiya\AppData\Local\GitHubDesktop\bin;C:\Users\Aarav Halvadiya\AppData\Local\Programs\mongosh\;C:\Users\Aarav Halvadiya\AppData\Roaming\npm;C:\Users\Aarav Halvadiya\AppData\Local\Google\Cloud SDK\google-cloud-sdk\bin
USERNAME=Aarav Halvadiya
OS=Windows_NT
PROCESSOR_IDENTIFIER=Intel64 Family 6 Model 140 Stepping 1, GenuineIntel
TMP=C:\Users\AARAVH~1\AppData\Local\Temp
TEMP=C:\Users\AARAVH~1\AppData\Local\Temp




Periodic native trim disabled

JNI global refs:
JNI global refs: 0, weak refs: 0

JNI global refs memory usage: 0, weak refs: 0

Process memory usage:
Resident Set Size: 13712K (0% of 16555320K total physical memory with 1833200K free physical memory)

OOME stack traces (most recent first):
Classloader memory used:

---------------  S Y S T E M  ---------------

OS:
 Windows 11 , 64 bit Build 26100 (10.0.26100.4484)
OS uptime: 0 days 3:00 hours
Hyper-V role detected

CPU: total 8 (initial active 8) (4 cores per cpu, 2 threads per core) family 6 model 140 stepping 1 microcode 0xa4, cx8, cmov, fxsr, ht, mmx, 3dnowpref, sse, sse2, sse3, ssse3, sse4.1, sse4.2, popcnt, lzcnt, tsc, tscinvbit, avx, avx2, aes, erms, clmul, bmi1, bmi2, adx, avx512f, avx512dq, avx512cd, avx512bw, avx512vl, sha, fma, vzeroupper, avx512_vpopcntdq, avx512_vpclmulqdq, avx512_vaes, avx512_vnni, clflush, clflushopt, clwb, avx512_vbmi2, avx512_vbmi, hv, rdtscp, rdpid, fsrm, gfni, avx512_bitalg, f16c, cet_ibt, cet_ss, avx512_ifma
Processor Information for the first 8 processors :
  Max Mhz: 3110, Current Mhz: 3110, Mhz Limit: 3110

Memory: 4k page, system-wide physical 16167M (1790M free)
TotalPageFile size 25029M (AvailPageFile size 5M)
current process WorkingSet (physical memory assigned to process): 13M, peak: 13M
current process commit charge ("private bytes"): 54M, peak: 55M

vm_info: OpenJDK 64-Bit Server VM (21.0.8+-14196175-b1038.72) for windows-amd64 JRE (21.0.8+-14196175-b1038.72), built on 2025-10-01T10:24:33Z by "builder" with MS VC++ 16.10 / 16.11 (VS2019)

END.
